20:00:21.200 [main] INFO  org.springframework.test.context.support.DefaultTestContextBootstrapper - Loaded default TestExecutionListener class names from location [META-INF/spring.factories]: [org.springframework.test.context.web.ServletTestExecutionListener, org.springframework.test.context.support.DirtiesContextBeforeModesTestExecutionListener, org.springframework.test.context.support.DependencyInjectionTestExecutionListener, org.springframework.test.context.support.DirtiesContextTestExecutionListener, org.springframework.test.context.transaction.TransactionalTestExecutionListener, org.springframework.test.context.jdbc.SqlScriptsTestExecutionListener]
20:00:21.216 [main] INFO  org.springframework.test.context.support.DefaultTestContextBootstrapper - Using TestExecutionListeners: [org.springframework.test.context.support.DirtiesContextBeforeModesTestExecutionListener@515c6049, org.springframework.test.context.support.DependencyInjectionTestExecutionListener@639c2c1d, org.springframework.test.context.support.DirtiesContextTestExecutionListener@5fe94a96, org.springframework.test.context.transaction.TransactionalTestExecutionListener@443118b0, org.springframework.test.context.jdbc.SqlScriptsTestExecutionListener@765d7657]
20:00:21.825 [main] INFO  org.hibernate.jpa.internal.util.LogHelper - HHH000204: Processing PersistenceUnitInfo [
	name: my-unit
	...]
20:00:21.976 [main] INFO  org.hibernate.Version - HHH000412: Hibernate Core {4.3.8.Final}
20:00:21.977 [main] INFO  org.hibernate.cfg.Environment - HHH000206: hibernate.properties not found
20:00:21.979 [main] INFO  org.hibernate.cfg.Environment - HHH000021: Bytecode provider name : javassist
20:00:22.240 [main] INFO  org.hibernate.annotations.common.Version - HCANN000001: Hibernate Commons Annotations {4.0.5.Final}
20:00:22.583 [main] INFO  org.hibernate.dialect.Dialect - HHH000400: Using dialect: org.hibernate.dialect.PostgreSQL9Dialect
20:00:22.594 [main] INFO  org.hibernate.engine.jdbc.internal.LobCreatorBuilder - HHH000424: Disabling contextual LOB creation as createClob() method threw error : java.lang.reflect.InvocationTargetException
20:00:22.686 [main] WARN  org.hibernate.cfg.AnnotationBinder - HHH000136: Inapropriate use of @OnDelete on entity, annotation ignored: com.itacademy.jd2.yi.cms.dao.orm.impl.entity.Page
20:00:22.757 [main] INFO  org.hibernate.hql.internal.ast.ASTQueryTranslatorFactory - HHH000397: Using ASTQueryTranslatorFactory
20:00:22.881 [main] INFO  org.hibernate.search.engine.Version - HSEARCH000034: Hibernate Search 5.0.1.Final
20:00:23.390 [main] WARN  org.hibernate.search.engine.impl.ConfigContext - HSEARCH000075: Configuration setting hibernate.search.lucene_version was not specified: using LUCENE_CURRENT.
20:00:24.040 [main] INFO  org.springframework.orm.jpa.LocalContainerEntityManagerFactoryBean - Initialized JPA EntityManagerFactory for persistence unit 'my-unit'
20:00:24.106 [main] INFO  com.itacademy.jd2.yi.cms.dao.orm.impl.HibernateSearchInitializer - index intialization started.
20:00:24.834 [main] INFO  org.springframework.test.context.support.DefaultTestContextBootstrapper - Loaded default TestExecutionListener class names from location [META-INF/spring.factories]: [org.springframework.test.context.web.ServletTestExecutionListener, org.springframework.test.context.support.DirtiesContextBeforeModesTestExecutionListener, org.springframework.test.context.support.DependencyInjectionTestExecutionListener, org.springframework.test.context.support.DirtiesContextTestExecutionListener, org.springframework.test.context.transaction.TransactionalTestExecutionListener, org.springframework.test.context.jdbc.SqlScriptsTestExecutionListener]
20:00:24.856 [main] INFO  org.springframework.test.context.support.DefaultTestContextBootstrapper - Using TestExecutionListeners: [org.springframework.test.context.support.DirtiesContextBeforeModesTestExecutionListener@7c5df615, org.springframework.test.context.support.DependencyInjectionTestExecutionListener@2f995afc, org.springframework.test.context.support.DirtiesContextTestExecutionListener@377949f1, org.springframework.test.context.transaction.TransactionalTestExecutionListener@9df564f, org.springframework.test.context.jdbc.SqlScriptsTestExecutionListener@1a21f43f]
20:00:25.887 [main] INFO  org.hibernate.jpa.internal.util.LogHelper - HHH000204: Processing PersistenceUnitInfo [
	name: my-unit
	...]
